
> build
> npm run generate:importmap && cross-env NODE_OPTIONS="--no-deprecation --max-old-space-size=8000" next build


> generate:importmap
> cross-env NODE_OPTIONS=--no-deprecation payload generate:importmap

Generating import map
No new imports found, skipping writing import map
▲ Next.js 16.2.1 (Turbopack)
- Environments: .env

  Creating an optimized production build ...
✓ Compiled successfully in 21.2s
  Skipping validation of types
  Finished TypeScript config validation in 20ms ...
  Collecting page data using 9 workers ...
(node:55251) Warning: SECURITY WARNING: The SSL modes 'prefer', 'require', and 'verify-ca' are treated as aliases for 'verify-full'.
In the next major version (pg-connection-string v3.0.0 and pg v9.0.0), these modes will adopt standard libpq semantics, which have weaker security guarantees.

To prepare for this change:
- If you want the current behavior, explicitly use 'sslmode=verify-full'
- If you want libpq compatibility now, use 'uselibpqcompat=true&sslmode=require'

See https://www.postgresql.org/docs/current/libpq-ssl.html for libpq SSL mode definitions.
(Use `node --trace-warnings ...` to show where the warning was created)
  Generating static pages using 9 workers (0/9) ...
  Generating static pages using 9 workers (2/9) 
  Generating static pages using 9 workers (4/9) 
(node:55254) Warning: SECURITY WARNING: The SSL modes 'prefer', 'require', and 'verify-ca' are treated as aliases for 'verify-full'.
In the next major version (pg-connection-string v3.0.0 and pg v9.0.0), these modes will adopt standard libpq semantics, which have weaker security guarantees.

To prepare for this change:
- If you want the current behavior, explicitly use 'sslmode=verify-full'
- If you want libpq compatibility now, use 'uselibpqcompat=true&sslmode=require'

See https://www.postgresql.org/docs/current/libpq-ssl.html for libpq SSL mode definitions.
(Use `node --trace-warnings ...` to show where the warning was created)
  Generating static pages using 9 workers (6/9) 
✓ Generating static pages using 9 workers (9/9) in 1138ms
  Finalizing page optimization ...

Route (app)
┌ ○ /
├ ○ /_not-found
├ ƒ /[locale]
├ ƒ /[locale]/[slug]
├ ● /[locale]/posts
├ ƒ /[locale]/posts/[slug]
├ ● /[locale]/posts/page/[pageNumber]
├ ƒ /[locale]/search
├ ƒ /admin/[[...segments]]
├ ƒ /api/[...slug]
├ ƒ /api/graphql
├ ƒ /api/graphql-playground
├ ƒ /my-route
├ ƒ /next/exit-preview
├ ƒ /next/preview
└ ƒ /next/seed


○  (Static)   prerendered as static content
●  (SSG)      prerendered as static HTML (uses generateStaticParams)
ƒ  (Dynamic)  server-rendered on demand

